Power Analyzer report for MAX10_Modem
Thu May  7 11:45:41 2020
Quartus Prime Version 18.0.0 Build 614 04/24/2018 SJ Lite Edition


---------------------
; Table of Contents ;
---------------------
  1. Legal Notice
  2. Parallel Compilation
  3. Power Analyzer Summary
  4. Power Analyzer Settings
  5. Indeterminate Toggle Rates
  6. Operating Conditions Used
  7. Thermal Power Dissipation by Block
  8. Thermal Power Dissipation by Block Type
  9. Thermal Power Dissipation by Hierarchy
 10. Core Dynamic Thermal Power Dissipation by Clock Domain
 11. Current Drawn from Voltage Supplies Summary
 12. VCCIO Supply Current Drawn by I/O Bank
 13. VCCIO Supply Current Drawn by Voltage
 14. Confidence Metric Details
 15. Signal Activities
 16. Power Analyzer Messages



----------------
; Legal Notice ;
----------------
Copyright (C) 2018  Intel Corporation. All rights reserved.
Your use of Intel Corporation's design tools, logic functions 
and other software and tools, and its AMPP partner logic 
functions, and any output files from any of the foregoing 
(including device programming or simulation files), and any 
associated documentation or information are expressly subject 
to the terms and conditions of the Intel Program License 
Subscription Agreement, the Intel Quartus Prime License Agreement,
the Intel FPGA IP License Agreement, or other applicable license
agreement, including, without limitation, that your use is for
the sole purpose of programming logic devices manufactured by
Intel and sold by Intel or its authorized distributors.  Please
refer to the applicable agreement for further details.



+------------------------------------------+
; Parallel Compilation                     ;
+----------------------------+-------------+
; Processors                 ; Number      ;
+----------------------------+-------------+
; Number detected on machine ; 8           ;
; Maximum allowed            ; 4           ;
;                            ;             ;
; Average used               ; 1.46        ;
; Maximum used               ; 4           ;
;                            ;             ;
; Usage by Processor         ; % Time Used ;
;     Processor 1            ; 100.0%      ;
;     Processors 2-4         ;  15.5%      ;
+----------------------------+-------------+


+-------------------------------------------------------------------------------------------+
; Power Analyzer Summary                                                                    ;
+----------------------------------------+--------------------------------------------------+
; Power Analyzer Status                  ; Successful - Thu May  7 11:45:41 2020            ;
; Quartus Prime Version                  ; 18.0.0 Build 614 04/24/2018 SJ Lite Edition      ;
; Revision Name                          ; MAX10_Modem                                      ;
; Top-level Entity Name                  ; MAX10_Modem                                      ;
; Family                                 ; MAX 10                                           ;
; Device                                 ; 10M08SAE144C8G                                   ;
; Power Models                           ; Final                                            ;
; Total Thermal Power Dissipation        ; 313.43 mW                                        ;
; Core Dynamic Thermal Power Dissipation ; 141.65 mW                                        ;
; Core Static Thermal Power Dissipation  ; 122.49 mW                                        ;
; I/O Thermal Power Dissipation          ; 49.29 mW                                         ;
; Power Estimation Confidence            ; Low: user provided insufficient toggle rate data ;
+----------------------------------------+--------------------------------------------------+


+--------------------------------------------------------------------------------------------------------------------------+
; Power Analyzer Settings                                                                                                  ;
+------------------------------------------------------------------+---------------------------------------+---------------+
; Option                                                           ; Setting                               ; Default Value ;
+------------------------------------------------------------------+---------------------------------------+---------------+
; Use smart compilation                                            ; Off                                   ; Off           ;
; Enable parallel Assembler and Timing Analyzer during compilation ; On                                    ; On            ;
; Enable compact report table                                      ; Off                                   ; Off           ;
; Default Power Input I/O Toggle Rate                              ; 12.5%                                 ; 12.5%         ;
; Preset Cooling Solution                                          ; 23 MM HEAT SINK WITH 200 LFPM AIRFLOW ;               ;
; Board thermal model                                              ; None (CONSERVATIVE)                   ;               ;
; Default Power Toggle Rate                                        ; 12.5%                                 ; 12.5%         ;
; Use vectorless estimation                                        ; On                                    ; On            ;
; Use Input Files                                                  ; Off                                   ; Off           ;
; Filter Glitches in VCD File Reader                               ; On                                    ; On            ;
; Power Analyzer Report Signal Activity                            ; Off                                   ; Off           ;
; Power Analyzer Report Power Dissipation                          ; Off                                   ; Off           ;
; Device Power Characteristics                                     ; TYPICAL                               ; TYPICAL       ;
; Automatically Compute Junction Temperature                       ; On                                    ; On            ;
; Specified Junction Temperature                                   ; 25                                    ; 25            ;
; Ambient Temperature                                              ; 25                                    ; 25            ;
; Use Custom Cooling Solution                                      ; Off                                   ; Off           ;
; Board Temperature                                                ; 25                                    ; 25            ;
+------------------------------------------------------------------+---------------------------------------+---------------+


+---------------------------------------+
; Indeterminate Toggle Rates            ;
+---------+-----------------------------+
; Node    ; Reason                      ;
+---------+-----------------------------+
; UART_RX ; No valid clock domain found ;
+---------+-----------------------------+


+--------------------------------------------------------------------------+
; Operating Conditions Used                                                ;
+---------------------------------------------+----------------------------+
; Setting                                     ; Value                      ;
+---------------------------------------------+----------------------------+
; Device power characteristics                ; Typical                    ;
;                                             ;                            ;
; Voltages                                    ;                            ;
;     VCCA                                    ; 3.00 V                     ;
;     VCC_ONE                                 ; 3.00 V                     ;
;     3.3-V LVTTL I/O Standard                ; 3.3 V                      ;
;     3.3-V LVCMOS I/O Standard               ; 3.3 V                      ;
;     2.5 V I/O Standard                      ; 2.5 V                      ;
;     LVDS I/O Standard                       ; 2.5 V                      ;
;     3.3 V Schmitt Trigger I/O Standard      ; 3.3 V                      ;
;     2.5 V Schmitt Trigger I/O Standard      ; 2.5 V                      ;
;                                             ;                            ;
; Auto computed junction temperature          ; 30.7 degrees Celsius       ;
;     Ambient temperature                     ; 25.0 degrees Celsius       ;
;     Junction-to-Case thermal resistance     ; 10.90 degrees Celsius/Watt ;
;     Case-to-Heat Sink thermal resistance    ; 0.10 degrees Celsius/Watt  ;
;     Heat Sink-to-Ambient thermal resistance ; 7.20 degrees Celsius/Watt  ;
;                                             ;                            ;
; Board model used                            ; None                       ;
+---------------------------------------------+----------------------------+


+----------------------------------------------------------------------------------------------------------------------------------------------+
; Thermal Power Dissipation by Block                                                                                                           ;
+------------+------------+---------------------+-----------------------------+--------------------------------+-------------------------------+
; Block Name ; Block Type ; Total Thermal Power ; Block Thermal Dynamic Power ; Block Thermal Static Power (1) ; Routing Thermal Dynamic Power ;
+------------+------------+---------------------+-----------------------------+--------------------------------+-------------------------------+
(1) The "Thermal Power Dissipation by Block" Table has been hidden. To show this table, please select the "Write power dissipation by block to report file" option under "PowerPlay Power Analyzer Settings".


+--------------------------------------------------------------------------------------------------------------------------------------------------------------------------------------------------------------------+
; Thermal Power Dissipation by Block Type                                                                                                                                                                            ;
+---------------------+-----------------------------------+-----------------------------+--------------------------------+-------------------------------+-----------------------------------------------------------+
; Block Type          ; Total Thermal Power by Block Type ; Block Thermal Dynamic Power ; Block Thermal Static Power (1) ; Routing Thermal Dynamic Power ; Block Average Toggle Rate (millions of transitions / sec) ;
+---------------------+-----------------------------------+-----------------------------+--------------------------------+-------------------------------+-----------------------------------------------------------+
; JTAG                ; 0.00 mW                           ; 0.00 mW                     ; --                             ; 0.00 mW                       ;    6.875                                                  ;
; PLL                 ; 14.60 mW                          ; 14.60 mW                    ; --                             ; 0.00 mW                       ;  133.333                                                  ;
; M9K                 ; 14.70 mW                          ; 14.69 mW                    ; --                             ; 0.01 mW                       ;    0.625                                                  ;
; Combinational cell  ; 2.36 mW                           ; 1.73 mW                     ; --                             ; 0.63 mW                       ;   12.024                                                  ;
; Clock control block ; 15.31 mW                          ; 0.00 mW                     ; --                             ; 15.31 mW                      ;  135.000                                                  ;
; Register cell       ; 14.12 mW                          ; 9.12 mW                     ; --                             ; 4.99 mW                       ;   13.683                                                  ;
; I/O                 ; 25.17 mW                          ; 18.96 mW                    ; 6.08 mW                        ; 0.12 mW                       ;   28.205                                                  ;
; Voltage Regulator   ; 82.14 mW                          ; 80.44 mW                    ; 1.70 mW                        ; --                            ; --                                                        ;
+---------------------+-----------------------------------+-----------------------------+--------------------------------+-------------------------------+-----------------------------------------------------------+
(1) The "Block Thermal Static Power" for all block types except Pins and the Voltage Regulator, if one exists, is part of the "Core Static Thermal Power Dissipation" value found on the PowerPlay Power Analyzer-->Summary report panel. The "Core Static Thermal Power Dissipation" also contains the thermal static power dissipated by the routing.


+-----------------------------------------------------------------------------------------------------------------------------------------------------------------------------------------------------------------------------------------------------------------------------------------------------------------------------------------------------------------------------------------------------------------------------------------------------------------------------------------------------------------------------------------------------------------------------------------------------------------------------------------------------+
; Thermal Power Dissipation by Hierarchy                                                                                                                                                                                                                                                                                                                                                                                                                                                                                                                                                                                                              ;
+------------------------------------------------------------------------------------------------------------------------------------------+--------------------------------------+---------------------------------+-----------------------------------+-----------------------------------+---------------------------------------------------------------------------------------------------------------------------------------------------------------------------------------------------------------------------------------------------------------------------------------------------------------------------------------------------------+
; Compilation Hierarchy Node                                                                                                               ; Total Thermal Power by Hierarchy (1) ; Block Thermal Dynamic Power (1) ; Block Thermal Static Power (1)(2) ; Routing Thermal Dynamic Power (1) ; Full Hierarchy Name                                                                                                                                                                                                                                                                                                                                     ;
+------------------------------------------------------------------------------------------------------------------------------------------+--------------------------------------+---------------------------------+-----------------------------------+-----------------------------------+---------------------------------------------------------------------------------------------------------------------------------------------------------------------------------------------------------------------------------------------------------------------------------------------------------------------------------------------------------+
; |MAX10_Modem                                                                                                                             ; 168.39 mW (108.63 mW)                ; 139.53 mW (99.39 mW)            ; 7.79 mW (7.79 mW)                 ; 21.08 mW (1.45 mW)                ; |MAX10_Modem                                                                                                                                                                                                                                                                                                                                            ;
;     |hard_block:auto_generated_inst                                                                                                      ; 0.00 mW (0.00 mW)                    ; 0.00 mW (0.00 mW)               ; --                                ; 0.00 mW (0.00 mW)                 ; |MAX10_Modem|hard_block:auto_generated_inst                                                                                                                                                                                                                                                                                                             ;
;     |sld_hub:auto_hub                                                                                                                    ; 0.14 mW (0.00 mW)                    ; 0.10 mW (0.00 mW)               ; --                                ; 0.04 mW (0.00 mW)                 ; |MAX10_Modem|sld_hub:auto_hub                                                                                                                                                                                                                                                                                                                           ;
;         |alt_sld_fab_with_jtag_input:\instrumentation_fabric_with_node_gen:fabric_gen_new_way:with_jtag_input_gen:instrumentation_fabric ; 0.14 mW (0.00 mW)                    ; 0.10 mW (0.00 mW)               ; --                                ; 0.04 mW (0.00 mW)                 ; |MAX10_Modem|sld_hub:auto_hub|alt_sld_fab_with_jtag_input:\instrumentation_fabric_with_node_gen:fabric_gen_new_way:with_jtag_input_gen:instrumentation_fabric                                                                                                                                                                                           ;
;             |alt_sld_fab:instrumentation_fabric                                                                                          ; 0.14 mW (0.00 mW)                    ; 0.10 mW (0.00 mW)               ; --                                ; 0.04 mW (0.00 mW)                 ; |MAX10_Modem|sld_hub:auto_hub|alt_sld_fab_with_jtag_input:\instrumentation_fabric_with_node_gen:fabric_gen_new_way:with_jtag_input_gen:instrumentation_fabric|alt_sld_fab:instrumentation_fabric                                                                                                                                                        ;
;                 |alt_sld_fab_alt_sld_fab:alt_sld_fab                                                                                     ; 0.14 mW (0.01 mW)                    ; 0.10 mW (0.01 mW)               ; --                                ; 0.04 mW (0.00 mW)                 ; |MAX10_Modem|sld_hub:auto_hub|alt_sld_fab_with_jtag_input:\instrumentation_fabric_with_node_gen:fabric_gen_new_way:with_jtag_input_gen:instrumentation_fabric|alt_sld_fab:instrumentation_fabric|alt_sld_fab_alt_sld_fab:alt_sld_fab                                                                                                                    ;
;                     |alt_sld_fab_alt_sld_fab_sldfabric:sldfabric                                                                         ; 0.13 mW (0.00 mW)                    ; 0.09 mW (0.00 mW)               ; --                                ; 0.04 mW (0.00 mW)                 ; |MAX10_Modem|sld_hub:auto_hub|alt_sld_fab_with_jtag_input:\instrumentation_fabric_with_node_gen:fabric_gen_new_way:with_jtag_input_gen:instrumentation_fabric|alt_sld_fab:instrumentation_fabric|alt_sld_fab_alt_sld_fab:alt_sld_fab|alt_sld_fab_alt_sld_fab_sldfabric:sldfabric                                                                        ;
;                         |sld_jtag_hub:\jtag_hub_gen:real_sld_jtag_hub                                                                    ; 0.13 mW (0.09 mW)                    ; 0.09 mW (0.06 mW)               ; --                                ; 0.04 mW (0.03 mW)                 ; |MAX10_Modem|sld_hub:auto_hub|alt_sld_fab_with_jtag_input:\instrumentation_fabric_with_node_gen:fabric_gen_new_way:with_jtag_input_gen:instrumentation_fabric|alt_sld_fab:instrumentation_fabric|alt_sld_fab_alt_sld_fab:alt_sld_fab|alt_sld_fab_alt_sld_fab_sldfabric:sldfabric|sld_jtag_hub:\jtag_hub_gen:real_sld_jtag_hub                           ;
;                             |sld_rom_sr:hub_info_reg                                                                                     ; 0.02 mW (0.02 mW)                    ; 0.01 mW (0.01 mW)               ; --                                ; 0.00 mW (0.00 mW)                 ; |MAX10_Modem|sld_hub:auto_hub|alt_sld_fab_with_jtag_input:\instrumentation_fabric_with_node_gen:fabric_gen_new_way:with_jtag_input_gen:instrumentation_fabric|alt_sld_fab:instrumentation_fabric|alt_sld_fab_alt_sld_fab:alt_sld_fab|alt_sld_fab_alt_sld_fab_sldfabric:sldfabric|sld_jtag_hub:\jtag_hub_gen:real_sld_jtag_hub|sld_rom_sr:hub_info_reg   ;
;                             |sld_shadow_jsm:shadow_jsm                                                                                   ; 0.03 mW (0.03 mW)                    ; 0.02 mW (0.02 mW)               ; --                                ; 0.01 mW (0.01 mW)                 ; |MAX10_Modem|sld_hub:auto_hub|alt_sld_fab_with_jtag_input:\instrumentation_fabric_with_node_gen:fabric_gen_new_way:with_jtag_input_gen:instrumentation_fabric|alt_sld_fab:instrumentation_fabric|alt_sld_fab_alt_sld_fab:alt_sld_fab|alt_sld_fab_alt_sld_fab_sldfabric:sldfabric|sld_jtag_hub:\jtag_hub_gen:real_sld_jtag_hub|sld_shadow_jsm:shadow_jsm ;
;         |sld_jtag_interface_mod:\jtag_interface_mod_gen:device_family_mod_inst                                                           ; 0.00 mW (0.00 mW)                    ; 0.00 mW (0.00 mW)               ; --                                ; 0.00 mW (0.00 mW)                 ; |MAX10_Modem|sld_hub:auto_hub|sld_jtag_interface_mod:\jtag_interface_mod_gen:device_family_mod_inst                                                                                                                                                                                                                                                     ;
;     |sld_signaltap:auto_signaltap_0                                                                                                      ; 27.10 mW (1.44 mW)                   ; 22.19 mW (1.27 mW)              ; --                                ; 4.91 mW (0.17 mW)                 ; |MAX10_Modem|sld_signaltap:auto_signaltap_0                                                                                                                                                                                                                                                                                                             ;
;         |sld_jtag_endpoint_adapter:\gen_jtag_signal_adapter:jtag_signal_adapter                                                          ; 0.00 mW (0.00 mW)                    ; 0.00 mW (0.00 mW)               ; --                                ; 0.00 mW (0.00 mW)                 ; |MAX10_Modem|sld_signaltap:auto_signaltap_0|sld_jtag_endpoint_adapter:\gen_jtag_signal_adapter:jtag_signal_adapter                                                                                                                                                                                                                                      ;
;         |sld_signaltap_impl:sld_signaltap_body                                                                                           ; 25.66 mW (0.00 mW)                   ; 20.91 mW (0.00 mW)              ; --                                ; 4.74 mW (0.00 mW)                 ; |MAX10_Modem|sld_signaltap:auto_signaltap_0|sld_signaltap_impl:sld_signaltap_body                                                                                                                                                                                                                                                                       ;
;             |sld_signaltap_implb:sld_signaltap_body                                                                                      ; 25.66 mW (6.42 mW)                   ; 20.91 mW (2.89 mW)              ; --                                ; 4.74 mW (3.53 mW)                 ; |MAX10_Modem|sld_signaltap:auto_signaltap_0|sld_signaltap_impl:sld_signaltap_body|sld_signaltap_implb:sld_signaltap_body                                                                                                                                                                                                                                ;
;                 |sld_offload_buffer_mgr:\stp_non_zero_depth_offload_gen:stp_offload_buff_mgr_inst                                        ; 0.31 mW (0.01 mW)                    ; 0.18 mW (0.00 mW)               ; --                                ; 0.13 mW (0.00 mW)                 ; |MAX10_Modem|sld_signaltap:auto_signaltap_0|sld_signaltap_impl:sld_signaltap_body|sld_signaltap_implb:sld_signaltap_body|sld_offload_buffer_mgr:\stp_non_zero_depth_offload_gen:stp_offload_buff_mgr_inst                                                                                                                                               ;
;                     |lpm_counter:\adv_point_3_and_more:advance_pointer_counter                                                           ; 0.01 mW (0.00 mW)                    ; 0.01 mW (0.00 mW)               ; --                                ; 0.00 mW (0.00 mW)                 ; |MAX10_Modem|sld_signaltap:auto_signaltap_0|sld_signaltap_impl:sld_signaltap_body|sld_signaltap_implb:sld_signaltap_body|sld_offload_buffer_mgr:\stp_non_zero_depth_offload_gen:stp_offload_buff_mgr_inst|lpm_counter:\adv_point_3_and_more:advance_pointer_counter                                                                                     ;
;                         |cntr_7rh:auto_generated                                                                                         ; 0.01 mW (0.01 mW)                    ; 0.01 mW (0.01 mW)               ; --                                ; 0.00 mW (0.00 mW)                 ; |MAX10_Modem|sld_signaltap:auto_signaltap_0|sld_signaltap_impl:sld_signaltap_body|sld_signaltap_implb:sld_signaltap_body|sld_offload_buffer_mgr:\stp_non_zero_depth_offload_gen:stp_offload_buff_mgr_inst|lpm_counter:\adv_point_3_and_more:advance_pointer_counter|cntr_7rh:auto_generated                                                             ;
;                     |lpm_shiftreg:info_data_shift_out                                                                                    ; 0.09 mW (0.09 mW)                    ; 0.08 mW (0.08 mW)               ; --                                ; 0.01 mW (0.01 mW)                 ; |MAX10_Modem|sld_signaltap:auto_signaltap_0|sld_signaltap_impl:sld_signaltap_body|sld_signaltap_implb:sld_signaltap_body|sld_offload_buffer_mgr:\stp_non_zero_depth_offload_gen:stp_offload_buff_mgr_inst|lpm_shiftreg:info_data_shift_out                                                                                                              ;
;                     |lpm_shiftreg:ram_data_shift_out                                                                                     ; 0.04 mW (0.04 mW)                    ; 0.04 mW (0.04 mW)               ; --                                ; 0.00 mW (0.00 mW)                 ; |MAX10_Modem|sld_signaltap:auto_signaltap_0|sld_signaltap_impl:sld_signaltap_body|sld_signaltap_implb:sld_signaltap_body|sld_offload_buffer_mgr:\stp_non_zero_depth_offload_gen:stp_offload_buff_mgr_inst|lpm_shiftreg:ram_data_shift_out                                                                                                               ;
;                     |lpm_counter:read_pointer_counter                                                                                    ; 0.12 mW (0.00 mW)                    ; 0.01 mW (0.00 mW)               ; --                                ; 0.11 mW (0.00 mW)                 ; |MAX10_Modem|sld_signaltap:auto_signaltap_0|sld_signaltap_impl:sld_signaltap_body|sld_signaltap_implb:sld_signaltap_body|sld_offload_buffer_mgr:\stp_non_zero_depth_offload_gen:stp_offload_buff_mgr_inst|lpm_counter:read_pointer_counter                                                                                                              ;
;                         |cntr_eki:auto_generated                                                                                         ; 0.12 mW (0.12 mW)                    ; 0.01 mW (0.01 mW)               ; --                                ; 0.11 mW (0.11 mW)                 ; |MAX10_Modem|sld_signaltap:auto_signaltap_0|sld_signaltap_impl:sld_signaltap_body|sld_signaltap_implb:sld_signaltap_body|sld_offload_buffer_mgr:\stp_non_zero_depth_offload_gen:stp_offload_buff_mgr_inst|lpm_counter:read_pointer_counter|cntr_eki:auto_generated                                                                                      ;
;                     |lpm_counter:status_advance_pointer_counter                                                                          ; 0.01 mW (0.00 mW)                    ; 0.01 mW (0.00 mW)               ; --                                ; 0.00 mW (0.00 mW)                 ; |MAX10_Modem|sld_signaltap:auto_signaltap_0|sld_signaltap_impl:sld_signaltap_body|sld_signaltap_implb:sld_signaltap_body|sld_offload_buffer_mgr:\stp_non_zero_depth_offload_gen:stp_offload_buff_mgr_inst|lpm_counter:status_advance_pointer_counter                                                                                                    ;
;                         |cntr_8rh:auto_generated                                                                                         ; 0.01 mW (0.01 mW)                    ; 0.01 mW (0.01 mW)               ; --                                ; 0.00 mW (0.00 mW)                 ; |MAX10_Modem|sld_signaltap:auto_signaltap_0|sld_signaltap_impl:sld_signaltap_body|sld_signaltap_implb:sld_signaltap_body|sld_offload_buffer_mgr:\stp_non_zero_depth_offload_gen:stp_offload_buff_mgr_inst|lpm_counter:status_advance_pointer_counter|cntr_8rh:auto_generated                                                                            ;
;                     |lpm_shiftreg:status_data_shift_out                                                                                  ; 0.04 mW (0.04 mW)                    ; 0.04 mW (0.04 mW)               ; --                                ; 0.00 mW (0.00 mW)                 ; |MAX10_Modem|sld_signaltap:auto_signaltap_0|sld_signaltap_impl:sld_signaltap_body|sld_signaltap_implb:sld_signaltap_body|sld_offload_buffer_mgr:\stp_non_zero_depth_offload_gen:stp_offload_buff_mgr_inst|lpm_shiftreg:status_data_shift_out                                                                                                            ;
;                     |lpm_counter:status_read_pointer_counter                                                                             ; 0.00 mW (0.00 mW)                    ; 0.00 mW (0.00 mW)               ; --                                ; 0.00 mW (0.00 mW)                 ; |MAX10_Modem|sld_signaltap:auto_signaltap_0|sld_signaltap_impl:sld_signaltap_body|sld_signaltap_implb:sld_signaltap_body|sld_offload_buffer_mgr:\stp_non_zero_depth_offload_gen:stp_offload_buff_mgr_inst|lpm_counter:status_read_pointer_counter                                                                                                       ;
;                         |cntr_odi:auto_generated                                                                                         ; 0.00 mW (0.00 mW)                    ; 0.00 mW (0.00 mW)               ; --                                ; 0.00 mW (0.00 mW)                 ; |MAX10_Modem|sld_signaltap:auto_signaltap_0|sld_signaltap_impl:sld_signaltap_body|sld_signaltap_implb:sld_signaltap_body|sld_offload_buffer_mgr:\stp_non_zero_depth_offload_gen:stp_offload_buff_mgr_inst|lpm_counter:status_read_pointer_counter|cntr_odi:auto_generated                                                                               ;
;                 |altdpram:\stp_non_zero_ram_gen:attribute_mem_gen:attribute_mem                                                          ; 0.70 mW (0.61 mW)                    ; 0.58 mW (0.49 mW)               ; --                                ; 0.13 mW (0.12 mW)                 ; |MAX10_Modem|sld_signaltap:auto_signaltap_0|sld_signaltap_impl:sld_signaltap_body|sld_signaltap_implb:sld_signaltap_body|altdpram:\stp_non_zero_ram_gen:attribute_mem_gen:attribute_mem                                                                                                                                                                 ;
;                     |lpm_mux:mux                                                                                                         ; 0.08 mW (0.00 mW)                    ; 0.08 mW (0.00 mW)               ; --                                ; 0.00 mW (0.00 mW)                 ; |MAX10_Modem|sld_signaltap:auto_signaltap_0|sld_signaltap_impl:sld_signaltap_body|sld_signaltap_implb:sld_signaltap_body|altdpram:\stp_non_zero_ram_gen:attribute_mem_gen:attribute_mem|lpm_mux:mux                                                                                                                                                     ;
;                         |mux_l7c:auto_generated                                                                                          ; 0.08 mW (0.08 mW)                    ; 0.08 mW (0.08 mW)               ; --                                ; 0.00 mW (0.00 mW)                 ; |MAX10_Modem|sld_signaltap:auto_signaltap_0|sld_signaltap_impl:sld_signaltap_body|sld_signaltap_implb:sld_signaltap_body|altdpram:\stp_non_zero_ram_gen:attribute_mem_gen:attribute_mem|lpm_mux:mux|mux_l7c:auto_generated                                                                                                                              ;
;                     |lpm_decode:wdecoder                                                                                                 ; 0.02 mW (0.00 mW)                    ; 0.01 mW (0.00 mW)               ; --                                ; 0.01 mW (0.00 mW)                 ; |MAX10_Modem|sld_signaltap:auto_signaltap_0|sld_signaltap_impl:sld_signaltap_body|sld_signaltap_implb:sld_signaltap_body|altdpram:\stp_non_zero_ram_gen:attribute_mem_gen:attribute_mem|lpm_decode:wdecoder                                                                                                                                             ;
;                         |decode_3af:auto_generated                                                                                       ; 0.02 mW (0.02 mW)                    ; 0.01 mW (0.01 mW)               ; --                                ; 0.01 mW (0.01 mW)                 ; |MAX10_Modem|sld_signaltap:auto_signaltap_0|sld_signaltap_impl:sld_signaltap_body|sld_signaltap_implb:sld_signaltap_body|altdpram:\stp_non_zero_ram_gen:attribute_mem_gen:attribute_mem|lpm_decode:wdecoder|decode_3af:auto_generated                                                                                                                   ;
;                 |altsyncram:\stp_non_zero_ram_gen:stp_buffer_ram                                                                         ; 14.70 mW (0.00 mW)                   ; 14.69 mW (0.00 mW)              ; --                                ; 0.01 mW (0.00 mW)                 ; |MAX10_Modem|sld_signaltap:auto_signaltap_0|sld_signaltap_impl:sld_signaltap_body|sld_signaltap_implb:sld_signaltap_body|altsyncram:\stp_non_zero_ram_gen:stp_buffer_ram                                                                                                                                                                                ;
;                     |altsyncram_6m14:auto_generated                                                                                      ; 14.70 mW (14.70 mW)                  ; 14.69 mW (14.69 mW)             ; --                                ; 0.01 mW (0.01 mW)                 ; |MAX10_Modem|sld_signaltap:auto_signaltap_0|sld_signaltap_impl:sld_signaltap_body|sld_signaltap_implb:sld_signaltap_body|altsyncram:\stp_non_zero_ram_gen:stp_buffer_ram|altsyncram_6m14:auto_generated                                                                                                                                                 ;
;                 |serial_crc_16:\tdo_crc_gen:tdo_crc_calc                                                                                 ; 0.01 mW (0.01 mW)                    ; 0.01 mW (0.01 mW)               ; --                                ; 0.00 mW (0.00 mW)                 ; |MAX10_Modem|sld_signaltap:auto_signaltap_0|sld_signaltap_impl:sld_signaltap_body|sld_signaltap_implb:sld_signaltap_body|serial_crc_16:\tdo_crc_gen:tdo_crc_calc                                                                                                                                                                                        ;
;                 |sld_rom_sr:crc_rom_sr                                                                                                   ; 0.02 mW (0.02 mW)                    ; 0.01 mW (0.01 mW)               ; --                                ; 0.01 mW (0.01 mW)                 ; |MAX10_Modem|sld_signaltap:auto_signaltap_0|sld_signaltap_impl:sld_signaltap_body|sld_signaltap_implb:sld_signaltap_body|sld_rom_sr:crc_rom_sr                                                                                                                                                                                                          ;
;                 |sld_ela_control:ela_control                                                                                             ; 1.63 mW (0.02 mW)                    ; 1.42 mW (0.01 mW)               ; --                                ; 0.21 mW (0.01 mW)                 ; |MAX10_Modem|sld_signaltap:auto_signaltap_0|sld_signaltap_impl:sld_signaltap_body|sld_signaltap_implb:sld_signaltap_body|sld_ela_control:ela_control                                                                                                                                                                                                    ;
;                     |sld_ela_basic_multi_level_trigger:\basic_multi_level_mbpm_trigger_gen:multi_level_mbpm                              ; 1.54 mW (0.00 mW)                    ; 1.35 mW (0.00 mW)               ; --                                ; 0.19 mW (0.00 mW)                 ; |MAX10_Modem|sld_signaltap:auto_signaltap_0|sld_signaltap_impl:sld_signaltap_body|sld_signaltap_implb:sld_signaltap_body|sld_ela_control:ela_control|sld_ela_basic_multi_level_trigger:\basic_multi_level_mbpm_trigger_gen:multi_level_mbpm                                                                                                             ;
;                         |sld_mbpmg:\trigger_modules_gen:0:trigger_match                                                                  ; 1.46 mW (0.00 mW)                    ; 1.27 mW (0.00 mW)               ; --                                ; 0.18 mW (0.00 mW)                 ; |MAX10_Modem|sld_signaltap:auto_signaltap_0|sld_signaltap_impl:sld_signaltap_body|sld_signaltap_implb:sld_signaltap_body|sld_ela_control:ela_control|sld_ela_basic_multi_level_trigger:\basic_multi_level_mbpm_trigger_gen:multi_level_mbpm|sld_mbpmg:\trigger_modules_gen:0:trigger_match                                                              ;
;                             |sld_sbpmg:\gen_sbpmg_pipeline_less_than_two:sm0:0:sm1                                                       ; 0.06 mW (0.06 mW)                    ; 0.06 mW (0.06 mW)               ; --                                ; 0.00 mW (0.00 mW)                 ; |MAX10_Modem|sld_signaltap:auto_signaltap_0|sld_signaltap_impl:sld_signaltap_body|sld_signaltap_implb:sld_signaltap_body|sld_ela_control:ela_control|sld_ela_basic_multi_level_trigger:\basic_multi_level_mbpm_trigger_gen:multi_level_mbpm|sld_mbpmg:\trigger_modules_gen:0:trigger_match|sld_sbpmg:\gen_sbpmg_pipeline_less_than_two:sm0:0:sm1        ;
;                             |sld_sbpmg:\gen_sbpmg_pipeline_less_than_two:sm0:1:sm1                                                       ; 0.04 mW (0.04 mW)                    ; 0.04 mW (0.04 mW)               ; --                                ; 0.00 mW (0.00 mW)                 ; |MAX10_Modem|sld_signaltap:auto_signaltap_0|sld_signaltap_impl:sld_signaltap_body|sld_signaltap_implb:sld_signaltap_body|sld_ela_control:ela_control|sld_ela_basic_multi_level_trigger:\basic_multi_level_mbpm_trigger_gen:multi_level_mbpm|sld_mbpmg:\trigger_modules_gen:0:trigger_match|sld_sbpmg:\gen_sbpmg_pipeline_less_than_two:sm0:1:sm1        ;
;                             |sld_sbpmg:\gen_sbpmg_pipeline_less_than_two:sm0:2:sm1                                                       ; 0.04 mW (0.04 mW)                    ; 0.03 mW (0.03 mW)               ; --                                ; 0.00 mW (0.00 mW)                 ; |MAX10_Modem|sld_signaltap:auto_signaltap_0|sld_signaltap_impl:sld_signaltap_body|sld_signaltap_implb:sld_signaltap_body|sld_ela_control:ela_control|sld_ela_basic_multi_level_trigger:\basic_multi_level_mbpm_trigger_gen:multi_level_mbpm|sld_mbpmg:\trigger_modules_gen:0:trigger_match|sld_sbpmg:\gen_sbpmg_pipeline_less_than_two:sm0:2:sm1        ;
;                             |sld_sbpmg:\gen_sbpmg_pipeline_less_than_two:sm0:3:sm1                                                       ; 0.04 mW (0.04 mW)                    ; 0.04 mW (0.04 mW)               ; --                                ; 0.00 mW (0.00 mW)                 ; |MAX10_Modem|sld_signaltap:auto_signaltap_0|sld_signaltap_impl:sld_signaltap_body|sld_signaltap_implb:sld_signaltap_body|sld_ela_control:ela_control|sld_ela_basic_multi_level_trigger:\basic_multi_level_mbpm_trigger_gen:multi_level_mbpm|sld_mbpmg:\trigger_modules_gen:0:trigger_match|sld_sbpmg:\gen_sbpmg_pipeline_less_than_two:sm0:3:sm1        ;
;                             |sld_sbpmg:\gen_sbpmg_pipeline_less_than_two:sm0:4:sm1                                                       ; 0.04 mW (0.04 mW)                    ; 0.04 mW (0.04 mW)               ; --                                ; 0.00 mW (0.00 mW)                 ; |MAX10_Modem|sld_signaltap:auto_signaltap_0|sld_signaltap_impl:sld_signaltap_body|sld_signaltap_implb:sld_signaltap_body|sld_ela_control:ela_control|sld_ela_basic_multi_level_trigger:\basic_multi_level_mbpm_trigger_gen:multi_level_mbpm|sld_mbpmg:\trigger_modules_gen:0:trigger_match|sld_sbpmg:\gen_sbpmg_pipeline_less_than_two:sm0:4:sm1        ;
;                             |sld_sbpmg:\gen_sbpmg_pipeline_less_than_two:sm0:5:sm1                                                       ; 0.04 mW (0.04 mW)                    ; 0.04 mW (0.04 mW)               ; --                                ; 0.00 mW (0.00 mW)                 ; |MAX10_Modem|sld_signaltap:auto_signaltap_0|sld_signaltap_impl:sld_signaltap_body|sld_signaltap_implb:sld_signaltap_body|sld_ela_control:ela_control|sld_ela_basic_multi_level_trigger:\basic_multi_level_mbpm_trigger_gen:multi_level_mbpm|sld_mbpmg:\trigger_modules_gen:0:trigger_match|sld_sbpmg:\gen_sbpmg_pipeline_less_than_two:sm0:5:sm1        ;
;                             |sld_sbpmg:\gen_sbpmg_pipeline_less_than_two:sm0:6:sm1                                                       ; 0.04 mW (0.04 mW)                    ; 0.03 mW (0.03 mW)               ; --                                ; 0.01 mW (0.01 mW)                 ; |MAX10_Modem|sld_signaltap:auto_signaltap_0|sld_signaltap_impl:sld_signaltap_body|sld_signaltap_implb:sld_signaltap_body|sld_ela_control:ela_control|sld_ela_basic_multi_level_trigger:\basic_multi_level_mbpm_trigger_gen:multi_level_mbpm|sld_mbpmg:\trigger_modules_gen:0:trigger_match|sld_sbpmg:\gen_sbpmg_pipeline_less_than_two:sm0:6:sm1        ;
;                             |sld_sbpmg:\gen_sbpmg_pipeline_less_than_two:sm0:7:sm1                                                       ; 0.04 mW (0.04 mW)                    ; 0.04 mW (0.04 mW)               ; --                                ; 0.00 mW (0.00 mW)                 ; |MAX10_Modem|sld_signaltap:auto_signaltap_0|sld_signaltap_impl:sld_signaltap_body|sld_signaltap_implb:sld_signaltap_body|sld_ela_control:ela_control|sld_ela_basic_multi_level_trigger:\basic_multi_level_mbpm_trigger_gen:multi_level_mbpm|sld_mbpmg:\trigger_modules_gen:0:trigger_match|sld_sbpmg:\gen_sbpmg_pipeline_less_than_two:sm0:7:sm1        ;
;                             |sld_sbpmg:\gen_sbpmg_pipeline_less_than_two:sm0:8:sm1                                                       ; 0.04 mW (0.04 mW)                    ; 0.03 mW (0.03 mW)               ; --                                ; 0.01 mW (0.01 mW)                 ; |MAX10_Modem|sld_signaltap:auto_signaltap_0|sld_signaltap_impl:sld_signaltap_body|sld_signaltap_implb:sld_signaltap_body|sld_ela_control:ela_control|sld_ela_basic_multi_level_trigger:\basic_multi_level_mbpm_trigger_gen:multi_level_mbpm|sld_mbpmg:\trigger_modules_gen:0:trigger_match|sld_sbpmg:\gen_sbpmg_pipeline_less_than_two:sm0:8:sm1        ;
;                             |sld_sbpmg:\gen_sbpmg_pipeline_less_than_two:sm0:9:sm1                                                       ; 0.04 mW (0.04 mW)                    ; 0.04 mW (0.04 mW)               ; --                                ; 0.00 mW (0.00 mW)                 ; |MAX10_Modem|sld_signaltap:auto_signaltap_0|sld_signaltap_impl:sld_signaltap_body|sld_signaltap_implb:sld_signaltap_body|sld_ela_control:ela_control|sld_ela_basic_multi_level_trigger:\basic_multi_level_mbpm_trigger_gen:multi_level_mbpm|sld_mbpmg:\trigger_modules_gen:0:trigger_match|sld_sbpmg:\gen_sbpmg_pipeline_less_than_two:sm0:9:sm1        ;
;                             |sld_sbpmg:\gen_sbpmg_pipeline_less_than_two:sm0:10:sm1                                                      ; 0.04 mW (0.04 mW)                    ; 0.04 mW (0.04 mW)               ; --                                ; 0.00 mW (0.00 mW)                 ; |MAX10_Modem|sld_signaltap:auto_signaltap_0|sld_signaltap_impl:sld_signaltap_body|sld_signaltap_implb:sld_signaltap_body|sld_ela_control:ela_control|sld_ela_basic_multi_level_trigger:\basic_multi_level_mbpm_trigger_gen:multi_level_mbpm|sld_mbpmg:\trigger_modules_gen:0:trigger_match|sld_sbpmg:\gen_sbpmg_pipeline_less_than_two:sm0:10:sm1       ;
;                             |sld_sbpmg:\gen_sbpmg_pipeline_less_than_two:sm0:11:sm1                                                      ; 0.05 mW (0.05 mW)                    ; 0.04 mW (0.04 mW)               ; --                                ; 0.01 mW (0.01 mW)                 ; |MAX10_Modem|sld_signaltap:auto_signaltap_0|sld_signaltap_impl:sld_signaltap_body|sld_signaltap_implb:sld_signaltap_body|sld_ela_control:ela_control|sld_ela_basic_multi_level_trigger:\basic_multi_level_mbpm_trigger_gen:multi_level_mbpm|sld_mbpmg:\trigger_modules_gen:0:trigger_match|sld_sbpmg:\gen_sbpmg_pipeline_less_than_two:sm0:11:sm1       ;
;                             |sld_sbpmg:\gen_sbpmg_pipeline_less_than_two:sm0:12:sm1                                                      ; 0.04 mW (0.04 mW)                    ; 0.03 mW (0.03 mW)               ; --                                ; 0.01 mW (0.01 mW)                 ; |MAX10_Modem|sld_signaltap:auto_signaltap_0|sld_signaltap_impl:sld_signaltap_body|sld_signaltap_implb:sld_signaltap_body|sld_ela_control:ela_control|sld_ela_basic_multi_level_trigger:\basic_multi_level_mbpm_trigger_gen:multi_level_mbpm|sld_mbpmg:\trigger_modules_gen:0:trigger_match|sld_sbpmg:\gen_sbpmg_pipeline_less_than_two:sm0:12:sm1       ;
;                             |sld_sbpmg:\gen_sbpmg_pipeline_less_than_two:sm0:13:sm1                                                      ; 0.04 mW (0.04 mW)                    ; 0.03 mW (0.03 mW)               ; --                                ; 0.01 mW (0.01 mW)                 ; |MAX10_Modem|sld_signaltap:auto_signaltap_0|sld_signaltap_impl:sld_signaltap_body|sld_signaltap_implb:sld_signaltap_body|sld_ela_control:ela_control|sld_ela_basic_multi_level_trigger:\basic_multi_level_mbpm_trigger_gen:multi_level_mbpm|sld_mbpmg:\trigger_modules_gen:0:trigger_match|sld_sbpmg:\gen_sbpmg_pipeline_less_than_two:sm0:13:sm1       ;
;                             |sld_sbpmg:\gen_sbpmg_pipeline_less_than_two:sm0:14:sm1                                                      ; 0.04 mW (0.04 mW)                    ; 0.03 mW (0.03 mW)               ; --                                ; 0.01 mW (0.01 mW)                 ; |MAX10_Modem|sld_signaltap:auto_signaltap_0|sld_signaltap_impl:sld_signaltap_body|sld_signaltap_implb:sld_signaltap_body|sld_ela_control:ela_control|sld_ela_basic_multi_level_trigger:\basic_multi_level_mbpm_trigger_gen:multi_level_mbpm|sld_mbpmg:\trigger_modules_gen:0:trigger_match|sld_sbpmg:\gen_sbpmg_pipeline_less_than_two:sm0:14:sm1       ;
;                             |sld_sbpmg:\gen_sbpmg_pipeline_less_than_two:sm0:15:sm1                                                      ; 0.06 mW (0.06 mW)                    ; 0.05 mW (0.05 mW)               ; --                                ; 0.01 mW (0.01 mW)                 ; |MAX10_Modem|sld_signaltap:auto_signaltap_0|sld_signaltap_impl:sld_signaltap_body|sld_signaltap_implb:sld_signaltap_body|sld_ela_control:ela_control|sld_ela_basic_multi_level_trigger:\basic_multi_level_mbpm_trigger_gen:multi_level_mbpm|sld_mbpmg:\trigger_modules_gen:0:trigger_match|sld_sbpmg:\gen_sbpmg_pipeline_less_than_two:sm0:15:sm1       ;
;                             |sld_sbpmg:\gen_sbpmg_pipeline_less_than_two:sm0:16:sm1                                                      ; 0.04 mW (0.04 mW)                    ; 0.04 mW (0.04 mW)               ; --                                ; 0.00 mW (0.00 mW)                 ; |MAX10_Modem|sld_signaltap:auto_signaltap_0|sld_signaltap_impl:sld_signaltap_body|sld_signaltap_implb:sld_signaltap_body|sld_ela_control:ela_control|sld_ela_basic_multi_level_trigger:\basic_multi_level_mbpm_trigger_gen:multi_level_mbpm|sld_mbpmg:\trigger_modules_gen:0:trigger_match|sld_sbpmg:\gen_sbpmg_pipeline_less_than_two:sm0:16:sm1       ;
;                             |sld_sbpmg:\gen_sbpmg_pipeline_less_than_two:sm0:17:sm1                                                      ; 0.04 mW (0.04 mW)                    ; 0.04 mW (0.04 mW)               ; --                                ; 0.00 mW (0.00 mW)                 ; |MAX10_Modem|sld_signaltap:auto_signaltap_0|sld_signaltap_impl:sld_signaltap_body|sld_signaltap_implb:sld_signaltap_body|sld_ela_control:ela_control|sld_ela_basic_multi_level_trigger:\basic_multi_level_mbpm_trigger_gen:multi_level_mbpm|sld_mbpmg:\trigger_modules_gen:0:trigger_match|sld_sbpmg:\gen_sbpmg_pipeline_less_than_two:sm0:17:sm1       ;
;                             |sld_sbpmg:\gen_sbpmg_pipeline_less_than_two:sm0:18:sm1                                                      ; 0.04 mW (0.04 mW)                    ; 0.04 mW (0.04 mW)               ; --                                ; 0.00 mW (0.00 mW)                 ; |MAX10_Modem|sld_signaltap:auto_signaltap_0|sld_signaltap_impl:sld_signaltap_body|sld_signaltap_implb:sld_signaltap_body|sld_ela_control:ela_control|sld_ela_basic_multi_level_trigger:\basic_multi_level_mbpm_trigger_gen:multi_level_mbpm|sld_mbpmg:\trigger_modules_gen:0:trigger_match|sld_sbpmg:\gen_sbpmg_pipeline_less_than_two:sm0:18:sm1       ;
;                             |sld_sbpmg:\gen_sbpmg_pipeline_less_than_two:sm0:19:sm1                                                      ; 0.04 mW (0.04 mW)                    ; 0.03 mW (0.03 mW)               ; --                                ; 0.00 mW (0.00 mW)                 ; |MAX10_Modem|sld_signaltap:auto_signaltap_0|sld_signaltap_impl:sld_signaltap_body|sld_signaltap_implb:sld_signaltap_body|sld_ela_control:ela_control|sld_ela_basic_multi_level_trigger:\basic_multi_level_mbpm_trigger_gen:multi_level_mbpm|sld_mbpmg:\trigger_modules_gen:0:trigger_match|sld_sbpmg:\gen_sbpmg_pipeline_less_than_two:sm0:19:sm1       ;
;                             |sld_sbpmg:\gen_sbpmg_pipeline_less_than_two:sm0:20:sm1                                                      ; 0.04 mW (0.04 mW)                    ; 0.03 mW (0.03 mW)               ; --                                ; 0.01 mW (0.01 mW)                 ; |MAX10_Modem|sld_signaltap:auto_signaltap_0|sld_signaltap_impl:sld_signaltap_body|sld_signaltap_implb:sld_signaltap_body|sld_ela_control:ela_control|sld_ela_basic_multi_level_trigger:\basic_multi_level_mbpm_trigger_gen:multi_level_mbpm|sld_mbpmg:\trigger_modules_gen:0:trigger_match|sld_sbpmg:\gen_sbpmg_pipeline_less_than_two:sm0:20:sm1       ;
;                             |sld_sbpmg:\gen_sbpmg_pipeline_less_than_two:sm0:21:sm1                                                      ; 0.04 mW (0.04 mW)                    ; 0.04 mW (0.04 mW)               ; --                                ; 0.00 mW (0.00 mW)                 ; |MAX10_Modem|sld_signaltap:auto_signaltap_0|sld_signaltap_impl:sld_signaltap_body|sld_signaltap_implb:sld_signaltap_body|sld_ela_control:ela_control|sld_ela_basic_multi_level_trigger:\basic_multi_level_mbpm_trigger_gen:multi_level_mbpm|sld_mbpmg:\trigger_modules_gen:0:trigger_match|sld_sbpmg:\gen_sbpmg_pipeline_less_than_two:sm0:21:sm1       ;
;                             |sld_sbpmg:\gen_sbpmg_pipeline_less_than_two:sm0:22:sm1                                                      ; 0.04 mW (0.04 mW)                    ; 0.04 mW (0.04 mW)               ; --                                ; 0.01 mW (0.01 mW)                 ; |MAX10_Modem|sld_signaltap:auto_signaltap_0|sld_signaltap_impl:sld_signaltap_body|sld_signaltap_implb:sld_signaltap_body|sld_ela_control:ela_control|sld_ela_basic_multi_level_trigger:\basic_multi_level_mbpm_trigger_gen:multi_level_mbpm|sld_mbpmg:\trigger_modules_gen:0:trigger_match|sld_sbpmg:\gen_sbpmg_pipeline_less_than_two:sm0:22:sm1       ;
;                             |sld_sbpmg:\gen_sbpmg_pipeline_less_than_two:sm0:23:sm1                                                      ; 0.04 mW (0.04 mW)                    ; 0.04 mW (0.04 mW)               ; --                                ; 0.01 mW (0.01 mW)                 ; |MAX10_Modem|sld_signaltap:auto_signaltap_0|sld_signaltap_impl:sld_signaltap_body|sld_signaltap_implb:sld_signaltap_body|sld_ela_control:ela_control|sld_ela_basic_multi_level_trigger:\basic_multi_level_mbpm_trigger_gen:multi_level_mbpm|sld_mbpmg:\trigger_modules_gen:0:trigger_match|sld_sbpmg:\gen_sbpmg_pipeline_less_than_two:sm0:23:sm1       ;
;                             |sld_sbpmg:\gen_sbpmg_pipeline_less_than_two:sm0:24:sm1                                                      ; 0.04 mW (0.04 mW)                    ; 0.03 mW (0.03 mW)               ; --                                ; 0.00 mW (0.00 mW)                 ; |MAX10_Modem|sld_signaltap:auto_signaltap_0|sld_signaltap_impl:sld_signaltap_body|sld_signaltap_implb:sld_signaltap_body|sld_ela_control:ela_control|sld_ela_basic_multi_level_trigger:\basic_multi_level_mbpm_trigger_gen:multi_level_mbpm|sld_mbpmg:\trigger_modules_gen:0:trigger_match|sld_sbpmg:\gen_sbpmg_pipeline_less_than_two:sm0:24:sm1       ;
;                             |sld_sbpmg:\gen_sbpmg_pipeline_less_than_two:sm0:25:sm1                                                      ; 0.04 mW (0.04 mW)                    ; 0.03 mW (0.03 mW)               ; --                                ; 0.00 mW (0.00 mW)                 ; |MAX10_Modem|sld_signaltap:auto_signaltap_0|sld_signaltap_impl:sld_signaltap_body|sld_signaltap_implb:sld_signaltap_body|sld_ela_control:ela_control|sld_ela_basic_multi_level_trigger:\basic_multi_level_mbpm_trigger_gen:multi_level_mbpm|sld_mbpmg:\trigger_modules_gen:0:trigger_match|sld_sbpmg:\gen_sbpmg_pipeline_less_than_two:sm0:25:sm1       ;
;                             |sld_sbpmg:\gen_sbpmg_pipeline_less_than_two:sm0:26:sm1                                                      ; 0.03 mW (0.03 mW)                    ; 0.03 mW (0.03 mW)               ; --                                ; 0.00 mW (0.00 mW)                 ; |MAX10_Modem|sld_signaltap:auto_signaltap_0|sld_signaltap_impl:sld_signaltap_body|sld_signaltap_implb:sld_signaltap_body|sld_ela_control:ela_control|sld_ela_basic_multi_level_trigger:\basic_multi_level_mbpm_trigger_gen:multi_level_mbpm|sld_mbpmg:\trigger_modules_gen:0:trigger_match|sld_sbpmg:\gen_sbpmg_pipeline_less_than_two:sm0:26:sm1       ;
;                             |sld_sbpmg:\gen_sbpmg_pipeline_less_than_two:sm0:27:sm1                                                      ; 0.04 mW (0.04 mW)                    ; 0.03 mW (0.03 mW)               ; --                                ; 0.01 mW (0.01 mW)                 ; |MAX10_Modem|sld_signaltap:auto_signaltap_0|sld_signaltap_impl:sld_signaltap_body|sld_signaltap_implb:sld_signaltap_body|sld_ela_control:ela_control|sld_ela_basic_multi_level_trigger:\basic_multi_level_mbpm_trigger_gen:multi_level_mbpm|sld_mbpmg:\trigger_modules_gen:0:trigger_match|sld_sbpmg:\gen_sbpmg_pipeline_less_than_two:sm0:27:sm1       ;
;                             |sld_sbpmg:\gen_sbpmg_pipeline_less_than_two:sm0:28:sm1                                                      ; 0.05 mW (0.05 mW)                    ; 0.05 mW (0.05 mW)               ; --                                ; 0.00 mW (0.00 mW)                 ; |MAX10_Modem|sld_signaltap:auto_signaltap_0|sld_signaltap_impl:sld_signaltap_body|sld_signaltap_implb:sld_signaltap_body|sld_ela_control:ela_control|sld_ela_basic_multi_level_trigger:\basic_multi_level_mbpm_trigger_gen:multi_level_mbpm|sld_mbpmg:\trigger_modules_gen:0:trigger_match|sld_sbpmg:\gen_sbpmg_pipeline_less_than_two:sm0:28:sm1       ;
;                             |sld_sbpmg:\gen_sbpmg_pipeline_less_than_two:sm0:29:sm1                                                      ; 0.05 mW (0.05 mW)                    ; 0.05 mW (0.05 mW)               ; --                                ; 0.00 mW (0.00 mW)                 ; |MAX10_Modem|sld_signaltap:auto_signaltap_0|sld_signaltap_impl:sld_signaltap_body|sld_signaltap_implb:sld_signaltap_body|sld_ela_control:ela_control|sld_ela_basic_multi_level_trigger:\basic_multi_level_mbpm_trigger_gen:multi_level_mbpm|sld_mbpmg:\trigger_modules_gen:0:trigger_match|sld_sbpmg:\gen_sbpmg_pipeline_less_than_two:sm0:29:sm1       ;
;                             |sld_sbpmg:\gen_sbpmg_pipeline_less_than_two:sm0:30:sm1                                                      ; 0.06 mW (0.06 mW)                    ; 0.05 mW (0.05 mW)               ; --                                ; 0.01 mW (0.01 mW)                 ; |MAX10_Modem|sld_signaltap:auto_signaltap_0|sld_signaltap_impl:sld_signaltap_body|sld_signaltap_implb:sld_signaltap_body|sld_ela_control:ela_control|sld_ela_basic_multi_level_trigger:\basic_multi_level_mbpm_trigger_gen:multi_level_mbpm|sld_mbpmg:\trigger_modules_gen:0:trigger_match|sld_sbpmg:\gen_sbpmg_pipeline_less_than_two:sm0:30:sm1       ;
;                             |sld_sbpmg:\gen_sbpmg_pipeline_less_than_two:sm0:31:sm1                                                      ; 0.04 mW (0.04 mW)                    ; 0.04 mW (0.04 mW)               ; --                                ; 0.00 mW (0.00 mW)                 ; |MAX10_Modem|sld_signaltap:auto_signaltap_0|sld_signaltap_impl:sld_signaltap_body|sld_signaltap_implb:sld_signaltap_body|sld_ela_control:ela_control|sld_ela_basic_multi_level_trigger:\basic_multi_level_mbpm_trigger_gen:multi_level_mbpm|sld_mbpmg:\trigger_modules_gen:0:trigger_match|sld_sbpmg:\gen_sbpmg_pipeline_less_than_two:sm0:31:sm1       ;
;                             |sld_sbpmg:\gen_sbpmg_pipeline_less_than_two:sm0:32:sm1                                                      ; 0.04 mW (0.04 mW)                    ; 0.04 mW (0.04 mW)               ; --                                ; 0.00 mW (0.00 mW)                 ; |MAX10_Modem|sld_signaltap:auto_signaltap_0|sld_signaltap_impl:sld_signaltap_body|sld_signaltap_implb:sld_signaltap_body|sld_ela_control:ela_control|sld_ela_basic_multi_level_trigger:\basic_multi_level_mbpm_trigger_gen:multi_level_mbpm|sld_mbpmg:\trigger_modules_gen:0:trigger_match|sld_sbpmg:\gen_sbpmg_pipeline_less_than_two:sm0:32:sm1       ;
;                             |sld_sbpmg:\gen_sbpmg_pipeline_less_than_two:sm0:33:sm1                                                      ; 0.04 mW (0.04 mW)                    ; 0.04 mW (0.04 mW)               ; --                                ; 0.00 mW (0.00 mW)                 ; |MAX10_Modem|sld_signaltap:auto_signaltap_0|sld_signaltap_impl:sld_signaltap_body|sld_signaltap_implb:sld_signaltap_body|sld_ela_control:ela_control|sld_ela_basic_multi_level_trigger:\basic_multi_level_mbpm_trigger_gen:multi_level_mbpm|sld_mbpmg:\trigger_modules_gen:0:trigger_match|sld_sbpmg:\gen_sbpmg_pipeline_less_than_two:sm0:33:sm1       ;
;                         |lpm_shiftreg:trigger_condition_deserialize                                                                      ; 0.09 mW (0.09 mW)                    ; 0.07 mW (0.07 mW)               ; --                                ; 0.01 mW (0.01 mW)                 ; |MAX10_Modem|sld_signaltap:auto_signaltap_0|sld_signaltap_impl:sld_signaltap_body|sld_signaltap_implb:sld_signaltap_body|sld_ela_control:ela_control|sld_ela_basic_multi_level_trigger:\basic_multi_level_mbpm_trigger_gen:multi_level_mbpm|lpm_shiftreg:trigger_condition_deserialize                                                                  ;
;                     |sld_ela_trigger_flow_mgr:\builtin:ela_trigger_flow_mgr_entity                                                       ; 0.07 mW (0.06 mW)                    ; 0.06 mW (0.05 mW)               ; --                                ; 0.01 mW (0.01 mW)                 ; |MAX10_Modem|sld_signaltap:auto_signaltap_0|sld_signaltap_impl:sld_signaltap_body|sld_signaltap_implb:sld_signaltap_body|sld_ela_control:ela_control|sld_ela_trigger_flow_mgr:\builtin:ela_trigger_flow_mgr_entity                                                                                                                                      ;
;                         |lpm_shiftreg:trigger_config_deserialize                                                                         ; 0.01 mW (0.01 mW)                    ; 0.01 mW (0.01 mW)               ; --                                ; 0.00 mW (0.00 mW)                 ; |MAX10_Modem|sld_signaltap:auto_signaltap_0|sld_signaltap_impl:sld_signaltap_body|sld_signaltap_implb:sld_signaltap_body|sld_ela_control:ela_control|sld_ela_trigger_flow_mgr:\builtin:ela_trigger_flow_mgr_entity|lpm_shiftreg:trigger_config_deserialize                                                                                              ;
;                     |lpm_shiftreg:trigger_config_deserialize                                                                             ; 0.00 mW (0.00 mW)                    ; 0.00 mW (0.00 mW)               ; --                                ; 0.00 mW (0.00 mW)                 ; |MAX10_Modem|sld_signaltap:auto_signaltap_0|sld_signaltap_impl:sld_signaltap_body|sld_signaltap_implb:sld_signaltap_body|sld_ela_control:ela_control|lpm_shiftreg:trigger_config_deserialize                                                                                                                                                            ;
;                 |lpm_shiftreg:segment_offset_config_deserialize                                                                          ; 0.01 mW (0.01 mW)                    ; 0.01 mW (0.01 mW)               ; --                                ; 0.00 mW (0.00 mW)                 ; |MAX10_Modem|sld_signaltap:auto_signaltap_0|sld_signaltap_impl:sld_signaltap_body|sld_signaltap_implb:sld_signaltap_body|lpm_shiftreg:segment_offset_config_deserialize                                                                                                                                                                                 ;
;                 |sld_buffer_manager:sld_buffer_manager_inst                                                                              ; 1.84 mW (1.84 mW)                    ; 1.12 mW (1.12 mW)               ; --                                ; 0.72 mW (0.72 mW)                 ; |MAX10_Modem|sld_signaltap:auto_signaltap_0|sld_signaltap_impl:sld_signaltap_body|sld_signaltap_implb:sld_signaltap_body|sld_buffer_manager:sld_buffer_manager_inst                                                                                                                                                                                     ;
;                 |lpm_shiftreg:status_register                                                                                            ; 0.01 mW (0.01 mW)                    ; 0.01 mW (0.01 mW)               ; --                                ; 0.00 mW (0.00 mW)                 ; |MAX10_Modem|sld_signaltap:auto_signaltap_0|sld_signaltap_impl:sld_signaltap_body|sld_signaltap_implb:sld_signaltap_body|lpm_shiftreg:status_register                                                                                                                                                                                                   ;
;     |PLL50TO200:inst                                                                                                                     ; 28.27 mW (0.00 mW)                   ; 14.60 mW (0.00 mW)              ; --                                ; 13.68 mW (0.00 mW)                ; |MAX10_Modem|PLL50TO200:inst                                                                                                                                                                                                                                                                                                                            ;
;         |altpll:altpll_component                                                                                                         ; 28.27 mW (0.00 mW)                   ; 14.60 mW (0.00 mW)              ; --                                ; 13.68 mW (0.00 mW)                ; |MAX10_Modem|PLL50TO200:inst|altpll:altpll_component                                                                                                                                                                                                                                                                                                    ;
;             |PLL50TO200_altpll:auto_generated                                                                                            ; 28.27 mW (28.27 mW)                  ; 14.60 mW (14.60 mW)             ; --                                ; 13.68 mW (13.68 mW)               ; |MAX10_Modem|PLL50TO200:inst|altpll:altpll_component|PLL50TO200_altpll:auto_generated                                                                                                                                                                                                                                                                   ;
;     |GEN_UART_TX:inst1                                                                                                                   ; 0.08 mW (0.00 mW)                    ; 0.06 mW (0.00 mW)               ; --                                ; 0.01 mW (0.00 mW)                 ; |MAX10_Modem|GEN_UART_TX:inst1                                                                                                                                                                                                                                                                                                                          ;
;         |lpm_counter:cnt_115200                                                                                                          ; 0.05 mW (0.00 mW)                    ; 0.04 mW (0.00 mW)               ; --                                ; 0.00 mW (0.00 mW)                 ; |MAX10_Modem|GEN_UART_TX:inst1|lpm_counter:cnt_115200                                                                                                                                                                                                                                                                                                   ;
;             |cntr_8of:auto_generated                                                                                                     ; 0.05 mW (0.05 mW)                    ; 0.04 mW (0.04 mW)               ; --                                ; 0.00 mW (0.00 mW)                 ; |MAX10_Modem|GEN_UART_TX:inst1|lpm_counter:cnt_115200|cntr_8of:auto_generated                                                                                                                                                                                                                                                                           ;
;         |lpm_shiftreg:shifter                                                                                                            ; 0.03 mW (0.03 mW)                    ; 0.02 mW (0.02 mW)               ; --                                ; 0.01 mW (0.01 mW)                 ; |MAX10_Modem|GEN_UART_TX:inst1|lpm_shiftreg:shifter                                                                                                                                                                                                                                                                                                     ;
;     |radio_tx:inst2                                                                                                                      ; 0.26 mW (0.26 mW)                    ; 0.21 mW (0.21 mW)               ; --                                ; 0.05 mW (0.05 mW)                 ; |MAX10_Modem|radio_tx:inst2                                                                                                                                                                                                                                                                                                                             ;
;     |radio_rx:inst3                                                                                                                      ; 3.79 mW (3.79 mW)                    ; 2.88 mW (2.88 mW)               ; --                                ; 0.91 mW (0.91 mW)                 ; |MAX10_Modem|radio_rx:inst3                                                                                                                                                                                                                                                                                                                             ;
;     |led_blink:inst4                                                                                                                     ; 0.12 mW (0.00 mW)                    ; 0.10 mW (0.00 mW)               ; --                                ; 0.02 mW (0.00 mW)                 ; |MAX10_Modem|led_blink:inst4                                                                                                                                                                                                                                                                                                                            ;
;         |lpm_counter:cnt                                                                                                                 ; 0.10 mW (0.00 mW)                    ; 0.09 mW (0.00 mW)               ; --                                ; 0.01 mW (0.00 mW)                 ; |MAX10_Modem|led_blink:inst4|lpm_counter:cnt                                                                                                                                                                                                                                                                                                            ;
;             |cntr_cof:auto_generated                                                                                                     ; 0.10 mW (0.10 mW)                    ; 0.09 mW (0.09 mW)               ; --                                ; 0.01 mW (0.01 mW)                 ; |MAX10_Modem|led_blink:inst4|lpm_counter:cnt|cntr_cof:auto_generated                                                                                                                                                                                                                                                                                    ;
;         |lpm_counter:led_cnt                                                                                                             ; 0.02 mW (0.00 mW)                    ; 0.01 mW (0.00 mW)               ; --                                ; 0.01 mW (0.00 mW)                 ; |MAX10_Modem|led_blink:inst4|lpm_counter:led_cnt                                                                                                                                                                                                                                                                                                        ;
;             |cntr_91g:auto_generated                                                                                                     ; 0.02 mW (0.02 mW)                    ; 0.01 mW (0.01 mW)               ; --                                ; 0.01 mW (0.01 mW)                 ; |MAX10_Modem|led_blink:inst4|lpm_counter:led_cnt|cntr_91g:auto_generated                                                                                                                                                                                                                                                                                ;
+------------------------------------------------------------------------------------------------------------------------------------------+--------------------------------------+---------------------------------+-----------------------------------+-----------------------------------+---------------------------------------------------------------------------------------------------------------------------------------------------------------------------------------------------------------------------------------------------------------------------------------------------------------------------------------------------------+
(1) Value in parentheses is the power consumed at that level of hierarchy. Value not in parentheses is the power consumed at that level of hierarchy plus the power consumed by all levels of hierarchy below it.

(2) The "Block Thermal Static Power" for all levels of hierarchy except the top-level hierarchy is part of the "Core Static Thermal Power Dissipation" value found on the PowerPlay Power Analyzer-->Summary report panel. The "Core Static Thermal Power Dissipation" also contains the thermal static power dissipated by the routing.


+----------------------------------------------------------------------------------------------------------------------------------------------+
; Core Dynamic Thermal Power Dissipation by Clock Domain                                                                                       ;
+-------------------------------------------------------------------------------------------+-----------------------+--------------------------+
; Clock Domain                                                                              ; Clock Frequency (MHz) ; Total Core Dynamic Power ;
+-------------------------------------------------------------------------------------------+-----------------------+--------------------------+
; PLL50TO200:inst|altpll:altpll_component|PLL50TO200_altpll:auto_generated|wire_pll1_clk[0] ; 200.00                ; 43.99                    ;
; CLK50M                                                                                    ; 50.00                 ; 0.89                     ;
; altera_reserved_tck                                                                       ; 10.00                 ; 16.27                    ;
; No clock domain                                                                           ; 0.00                  ; 0.06                     ;
+-------------------------------------------------------------------------------------------+-----------------------+--------------------------+


+------------------------------------------------------------------------------------------------------------------------------------+
; Current Drawn from Voltage Supplies Summary                                                                                        ;
+----------------+-------------------------+---------------------------+--------------------------+----------------------------------+
; Voltage Supply ; Total Current Drawn (1) ; Dynamic Current Drawn (1) ; Static Current Drawn (1) ; Minimum Power Supply Current (2) ;
+----------------+-------------------------+---------------------------+--------------------------+----------------------------------+
; VCCIO          ; 15.55 mA                ; 5.73 mA                   ; 9.82 mA                  ; 15.55 mA                         ;
; VCCA           ; 5.66 mA                 ; 2.63 mA                   ; 3.03 mA                  ; 5.66 mA                          ;
; VCC_ONE        ; 82.70 mA                ; 44.69 mA                  ; 38.01 mA                 ; 82.70 mA                         ;
+----------------+-------------------------+---------------------------+--------------------------+----------------------------------+
(1) Currents reported in columns "Total Current Drawn", "Dynamic Current Drawn", and "Static Current Drawn" are sufficient for user operation of the device.  
(2) Currents reported in column "Minimum Power Supply Current" are sufficient for power-up, configuration, and user operation of the device.


+-----------------------------------------------------------------------------------------------+
; VCCIO Supply Current Drawn by I/O Bank                                                        ;
+----------+---------------+---------------------+-----------------------+----------------------+
; I/O Bank ; VCCIO Voltage ; Total Current Drawn ; Dynamic Current Drawn ; Static Current Drawn ;
+----------+---------------+---------------------+-----------------------+----------------------+
; 1A       ; 2.5V          ; 0.25 mA             ; 0.00 mA               ; 0.25 mA              ;
; 1B       ; 2.5V          ; 0.31 mA             ; 0.05 mA               ; 0.26 mA              ;
; 2        ; 3.3V          ; 1.76 mA             ; 0.14 mA               ; 1.62 mA              ;
; 3        ; 2.5V          ; 0.25 mA             ; 0.00 mA               ; 0.25 mA              ;
; 4        ; 3.3V          ; 6.58 mA             ; 4.90 mA               ; 1.68 mA              ;
; 5        ; 3.3V          ; 1.62 mA             ; 0.00 mA               ; 1.62 mA              ;
; 6        ; 2.5V          ; 2.44 mA             ; 0.30 mA               ; 2.14 mA              ;
; 7        ; 2.5V          ; 0.25 mA             ; 0.00 mA               ; 0.25 mA              ;
; 8        ; 3.3V          ; 2.08 mA             ; 0.33 mA               ; 1.75 mA              ;
+----------+---------------+---------------------+-----------------------+----------------------+


+-----------------------------------------------------------------------------------------------------------------------------------+
; VCCIO Supply Current Drawn by Voltage                                                                                             ;
+---------------+-------------------------+---------------------------+--------------------------+----------------------------------+
; VCCIO Voltage ; Total Current Drawn (1) ; Dynamic Current Drawn (1) ; Static Current Drawn (1) ; Minimum Power Supply Current (2) ;
+---------------+-------------------------+---------------------------+--------------------------+----------------------------------+
; 2.5V          ; 3.51 mA                 ; 0.36 mA                   ; 3.15 mA                  ; 3.51 mA                          ;
; 3.3V          ; 12.04 mA                ; 5.37 mA                   ; 6.67 mA                  ; 12.04 mA                         ;
+---------------+-------------------------+---------------------------+--------------------------+----------------------------------+
(1) Currents reported in columns "Total Current Drawn", "Dynamic Current Drawn", and "Static Current Drawn" are sufficient for user operation of the device.  
(2) Currents reported in column "Minimum Power Supply Current" are sufficient for power-up, configuration, and user operation of the device.


+----------------------------------------------------------------------------------------------------------------------------------------------------+
; Confidence Metric Details                                                                                                                          ;
+----------------------------------------------------------------------------------------+--------------+------------+---------------+---------------+
; Data Source                                                                            ; Total        ; Pin        ; Registered    ; Combinational ;
+----------------------------------------------------------------------------------------+--------------+------------+---------------+---------------+
; Simulation (from file)                                                                 ;              ;            ;               ;               ;
;     -- Number of signals with Toggle Rate from Simulation                              ; 0 (0.0%)     ; 0 (0.0%)   ; 0 (0.0%)      ; 0 (0.0%)      ;
;     -- Number of signals with Static Probability from Simulation                       ; 0 (0.0%)     ; 0 (0.0%)   ; 0 (0.0%)      ; 0 (0.0%)      ;
;                                                                                        ;              ;            ;               ;               ;
; Node, entity or clock assignment                                                       ;              ;            ;               ;               ;
;     -- Number of signals with Toggle Rate from Node, entity or clock assignment        ; 7 (0.3%)     ; 2 (8.0%)   ; 0 (0.0%)      ; 5 (0.3%)      ;
;     -- Number of signals with Static Probability from Node, entity or clock assignment ; 7 (0.3%)     ; 2 (8.0%)   ; 0 (0.0%)      ; 5 (0.3%)      ;
;                                                                                        ;              ;            ;               ;               ;
; Vectorless estimation                                                                  ;              ;            ;               ;               ;
;     -- Number of signals with Toggle Rate from Vectorless estimation                   ; 2554 (99.4%) ; 14 (56.0%) ; 1034 (100.0%) ; 1506 (99.7%)  ;
;     -- Number of signals with Zero toggle rate, from Vectorless estimation             ; 15 (0.6%)    ; 1 (4.0%)   ; 4 (0.4%)      ; 10 (0.7%)     ;
;     -- Number of signals with Static Probability from Vectorless estimation            ; 2554 (99.4%) ; 14 (56.0%) ; 1034 (100.0%) ; 1506 (99.7%)  ;
;                                                                                        ;              ;            ;               ;               ;
; Default assignment                                                                     ;              ;            ;               ;               ;
;     -- Number of signals with Toggle Rate from Default assignment                      ; 4 (0.2%)     ; 4 (16.0%)  ; 0 (0.0%)      ; 0 (0.0%)      ;
;     -- Number of signals with Static Probability from Default assignment               ; 9 (0.4%)     ; 9 (36.0%)  ; 0 (0.0%)      ; 0 (0.0%)      ;
;                                                                                        ;              ;            ;               ;               ;
; Assumed 0                                                                              ;              ;            ;               ;               ;
;     -- Number of signals with Toggle Rate assumed 0                                    ; 5 (0.2%)     ; 5 (20.0%)  ; 0 (0.0%)      ; 0 (0.0%)      ;
+----------------------------------------------------------------------------------------+--------------+------------+---------------+---------------+


+---------------------------------------------------------------------------------------------------------------------------------------------+
; Signal Activities                                                                                                                           ;
+--------+------+---------------------------------------------+-------------------------+--------------------+--------------------------------+
; Signal ; Type ; Toggle Rate (millions of transitions / sec) ; Toggle Rate Data Source ; Static Probability ; Static Probability Data Source ;
+--------+------+---------------------------------------------+-------------------------+--------------------+--------------------------------+
(1) The "Signal Activity" Table has been hidden. To show this table, please select the "Write signal activities to report file" option under "PowerPlay Power Analyzer Settings".


+-------------------------+
; Power Analyzer Messages ;
+-------------------------+
Info: *******************************************************************
Info: Running Quartus Prime Power Analyzer
    Info: Version 18.0.0 Build 614 04/24/2018 SJ Lite Edition
    Info: Processing started: Thu May  7 11:45:39 2020
Info: Command: quartus_pow --read_settings_files=off --write_settings_files=off MAX10_Modem -c MAX10_Modem
Warning (18236): Number of processors has not been specified which may cause overloading on shared machines.  Set the global assignment NUM_PARALLEL_PROCESSORS in your QSF to an appropriate value for best performance.
Info (21077): Low junction temperature is 0 degrees C
Info (21077): High junction temperature is 85 degrees C
Info (332164): Evaluating HDL-embedded SDC commands
    Info (332165): Entity sld_hub
        Info (332166): create_clock -name altera_reserved_tck [get_ports {altera_reserved_tck}] -period 10MHz   
        Info (332166): set_clock_groups -asynchronous -group {altera_reserved_tck}
Info (332104): Reading SDC File: 'MAX10_Modem.sdc'
Info (332097): The following timing edges are non-unate.  The Timing Analyzer will assume pos-unate behavior for these edges in the clock network.
    Info (332098): Cell: altera_internal_jtag  from: tck  to: tckutap
Critical Warning (332168): The following clock transfers have no clock uncertainty assignment. For more accurate results, apply clock uncertainty assignments or use the derive_clock_uncertainty command.
    Critical Warning (332169): From altera_reserved_tck (Rise) to altera_reserved_tck (Rise) (setup and hold)
    Critical Warning (332169): From altera_reserved_tck (Rise) to altera_reserved_tck (Fall) (setup and hold)
Info (223000): Starting Vectorless Power Activity Estimation
Warning (222013): Relative toggle rates could not be calculated because no clock domain could be identified for some nodes
Info (223001): Completed Vectorless Power Activity Estimation
Info (218000): Using Advanced I/O Power to simulate I/O buffers with the specified board trace model
Info (334003): Started post-fitting delay annotation
Info (334004): Delay annotation completed successfully
Info (215049): Average toggle rate for this design is 13.031 millions of transitions / sec
Info (215031): Total thermal power estimate for the design is 313.43 mW
Info: Quartus Prime Power Analyzer was successful. 0 errors, 5 warnings
    Info: Peak virtual memory: 1222 megabytes
    Info: Processing ended: Thu May  7 11:45:42 2020
    Info: Elapsed time: 00:00:03
    Info: Total CPU time (on all processors): 00:00:03


